<?xml version="1.0" encoding="UTF-8"?>
<!-- Generated by org.testng.reporters.JUnitReportReporter -->
<testsuite skipped="0" hostname="BhavyaSri" name="com.phptravel.tests.VerifyManageTours" tests="1" failures="0" timestamp="18 Aug 2017 07:19:15 GMT" time="6.825" errors="0">
  <testcase name="testApp" time="6.825" classname="com.phptravel.tests.VerifyManageTours"/>
</testsuite> <!-- com.phptravel.tests.VerifyManageTours -->
